{"/Users/elizabeth/front-end-capstone/client/config.js": {"path":"/Users/elizabeth/front-end-capstone/client/config.js","statementMap":{"0":{"start":{"line":2,"column":16},"end":{"line":2,"column":58}}},"fnMap":{},"branchMap":{},"s":{"0":1},"f":{},"b":{},"_coverageSchema":"1a1c01bbd47fc00a2c39e90264f33305004495a9","hash":"60ad38bd0480127c561d9044a63516ecfc8acbdd"}
,"/Users/elizabeth/front-end-capstone/client/src/components/qAndA/Answer.jsx": {"path":"/Users/elizabeth/front-end-capstone/client/src/components/qAndA/Answer.jsx","statementMap":{"0":{"start":{"line":14,"column":26},"end":{"line":14,"column":41}},"1":{"start":{"line":15,"column":34},"end":{"line":15,"column":49}},"2":{"start":{"line":16,"column":32},"end":{"line":16,"column":47}},"3":{"start":{"line":17,"column":19},"end":{"line":17,"column":35}},"4":{"start":{"line":19,"column":19},"end":{"line":19,"column":25}},"5":{"start":{"line":20,"column":21},"end":{"line":20,"column":59}},"6":{"start":{"line":22,"column":23},"end":{"line":22,"column":45}},"7":{"start":{"line":23,"column":4},"end":{"line":40,"column":5}},"8":{"start":{"line":24,"column":6},"end":{"line":35,"column":11}},"9":{"start":{"line":31,"column":10},"end":{"line":31,"column":75}},"10":{"start":{"line":34,"column":10},"end":{"line":34,"column":69}},"11":{"start":{"line":36,"column":6},"end":{"line":36,"column":23}},"12":{"start":{"line":37,"column":6},"end":{"line":37,"column":41}},"13":{"start":{"line":39,"column":6},"end":{"line":39,"column":68}},"14":{"start":{"line":43,"column":26},"end":{"line":43,"column":44}},"15":{"start":{"line":44,"column":4},"end":{"line":60,"column":5}},"16":{"start":{"line":45,"column":6},"end":{"line":56,"column":11}},"17":{"start":{"line":52,"column":10},"end":{"line":52,"column":80}},"18":{"start":{"line":55,"column":10},"end":{"line":55,"column":74}},"19":{"start":{"line":57,"column":6},"end":{"line":57,"column":24}},"20":{"start":{"line":59,"column":6},"end":{"line":59,"column":60}},"21":{"start":{"line":63,"column":17},"end":{"line":65,"column":3}},"22":{"start":{"line":64,"column":4},"end":{"line":64,"column":18}},"23":{"start":{"line":67,"column":18},"end":{"line":69,"column":3}},"24":{"start":{"line":68,"column":4},"end":{"line":68,"column":19}},"25":{"start":{"line":71,"column":2},"end":{"line":129,"column":4}},"26":{"start":{"line":78,"column":12},"end":{"line":84,"column":15}},"27":{"start":{"line":101,"column":25},"end":{"line":101,"column":46}},"28":{"start":{"line":120,"column":29},"end":{"line":120,"column":49}}},"fnMap":{"0":{"name":"Answer","decl":{"start":{"line":13,"column":9},"end":{"line":13,"column":15}},"loc":{"start":{"line":13,"column":28},"end":{"line":130,"column":1}},"line":13},"1":{"name":"handleHelpfulAnswer","decl":{"start":{"line":21,"column":11},"end":{"line":21,"column":30}},"loc":{"start":{"line":21,"column":33},"end":{"line":41,"column":3}},"line":21},"2":{"name":"(anonymous_2)","decl":{"start":{"line":30,"column":14},"end":{"line":30,"column":15}},"loc":{"start":{"line":30,"column":28},"end":{"line":32,"column":9}},"line":30},"3":{"name":"(anonymous_3)","decl":{"start":{"line":33,"column":15},"end":{"line":33,"column":16}},"loc":{"start":{"line":33,"column":26},"end":{"line":35,"column":9}},"line":33},"4":{"name":"handleAnswerReport","decl":{"start":{"line":42,"column":11},"end":{"line":42,"column":29}},"loc":{"start":{"line":42,"column":32},"end":{"line":61,"column":3}},"line":42},"5":{"name":"(anonymous_5)","decl":{"start":{"line":51,"column":14},"end":{"line":51,"column":15}},"loc":{"start":{"line":51,"column":28},"end":{"line":53,"column":9}},"line":51},"6":{"name":"(anonymous_6)","decl":{"start":{"line":54,"column":15},"end":{"line":54,"column":16}},"loc":{"start":{"line":54,"column":26},"end":{"line":56,"column":9}},"line":54},"7":{"name":"(anonymous_7)","decl":{"start":{"line":63,"column":17},"end":{"line":63,"column":18}},"loc":{"start":{"line":63,"column":23},"end":{"line":65,"column":3}},"line":63},"8":{"name":"(anonymous_8)","decl":{"start":{"line":67,"column":18},"end":{"line":67,"column":19}},"loc":{"start":{"line":67,"column":24},"end":{"line":69,"column":3}},"line":67},"9":{"name":"(anonymous_9)","decl":{"start":{"line":77,"column":30},"end":{"line":77,"column":31}},"loc":{"start":{"line":78,"column":12},"end":{"line":84,"column":15}},"line":78},"10":{"name":"(anonymous_10)","decl":{"start":{"line":101,"column":19},"end":{"line":101,"column":20}},"loc":{"start":{"line":101,"column":25},"end":{"line":101,"column":46}},"line":101},"11":{"name":"(anonymous_11)","decl":{"start":{"line":120,"column":23},"end":{"line":120,"column":24}},"loc":{"start":{"line":120,"column":29},"end":{"line":120,"column":49}},"line":120}},"branchMap":{"0":{"loc":{"start":{"line":23,"column":4},"end":{"line":40,"column":5}},"type":"if","locations":[{"start":{"line":23,"column":4},"end":{"line":40,"column":5}},{"start":{"line":38,"column":11},"end":{"line":40,"column":5}}],"line":23},"1":{"loc":{"start":{"line":23,"column":8},"end":{"line":23,"column":65}},"type":"binary-expr","locations":[{"start":{"line":23,"column":8},"end":{"line":23,"column":25}},{"start":{"line":23,"column":29},"end":{"line":23,"column":65}}],"line":23},"2":{"loc":{"start":{"line":44,"column":4},"end":{"line":60,"column":5}},"type":"if","locations":[{"start":{"line":44,"column":4},"end":{"line":60,"column":5}},{"start":{"line":58,"column":11},"end":{"line":60,"column":5}}],"line":44},"3":{"loc":{"start":{"line":76,"column":9},"end":{"line":85,"column":19}},"type":"cond-expr","locations":[{"start":{"line":77,"column":12},"end":{"line":85,"column":12}},{"start":{"line":85,"column":15},"end":{"line":85,"column":19}}],"line":76},"4":{"loc":{"start":{"line":78,"column":12},"end":{"line":84,"column":15}},"type":"cond-expr","locations":[{"start":{"line":79,"column":16},"end":{"line":79,"column":88}},{"start":{"line":81,"column":16},"end":{"line":83,"column":33}}],"line":78},"5":{"loc":{"start":{"line":109,"column":9},"end":{"line":110,"column":55}},"type":"cond-expr","locations":[{"start":{"line":110,"column":12},"end":{"line":110,"column":30}},{"start":{"line":110,"column":33},"end":{"line":110,"column":55}}],"line":109},"6":{"loc":{"start":{"line":116,"column":9},"end":{"line":125,"column":42}},"type":"cond-expr","locations":[{"start":{"line":118,"column":12},"end":{"line":123,"column":34}},{"start":{"line":125,"column":12},"end":{"line":125,"column":42}}],"line":116}},"s":{"0":4,"1":4,"2":4,"3":4,"4":4,"5":4,"6":0,"7":0,"8":0,"9":0,"10":0,"11":0,"12":0,"13":0,"14":0,"15":0,"16":0,"17":0,"18":0,"19":0,"20":0,"21":4,"22":0,"23":4,"24":0,"25":4,"26":12,"27":0,"28":0},"f":{"0":4,"1":0,"2":0,"3":0,"4":0,"5":0,"6":0,"7":0,"8":0,"9":12,"10":0,"11":0},"b":{"0":[0,0],"1":[0,0],"2":[0,0],"3":[4,0],"4":[12,0],"5":[4,0],"6":[4,0]},"_coverageSchema":"1a1c01bbd47fc00a2c39e90264f33305004495a9","hash":"720bdd2e4a0a585dd53adc1d805865a66b6834a9"}
,"/Users/elizabeth/front-end-capstone/client/src/components/qAndA/QandA.style.js": {"path":"/Users/elizabeth/front-end-capstone/client/src/components/qAndA/QandA.style.js","statementMap":{"0":{"start":{"line":3,"column":28},"end":{"line":13,"column":1}},"1":{"start":{"line":15,"column":22},"end":{"line":24,"column":1}},"2":{"start":{"line":26,"column":23},"end":{"line":35,"column":1}},"3":{"start":{"line":37,"column":23},"end":{"line":50,"column":1}},"4":{"start":{"line":51,"column":19},"end":{"line":57,"column":1}},"5":{"start":{"line":59,"column":18},"end":{"line":64,"column":1}},"6":{"start":{"line":66,"column":21},"end":{"line":81,"column":1}},"7":{"start":{"line":83,"column":25},"end":{"line":87,"column":1}},"8":{"start":{"line":89,"column":14},"end":{"line":95,"column":1}},"9":{"start":{"line":97,"column":23},"end":{"line":105,"column":1}},"10":{"start":{"line":107,"column":23},"end":{"line":111,"column":1}},"11":{"start":{"line":113,"column":24},"end":{"line":117,"column":1}},"12":{"start":{"line":119,"column":23},"end":{"line":129,"column":1}},"13":{"start":{"line":131,"column":22},"end":{"line":136,"column":1}},"14":{"start":{"line":138,"column":20},"end":{"line":143,"column":1}},"15":{"start":{"line":145,"column":23},"end":{"line":151,"column":1}},"16":{"start":{"line":153,"column":23},"end":{"line":161,"column":1}},"17":{"start":{"line":163,"column":19},"end":{"line":166,"column":1}},"18":{"start":{"line":168,"column":23},"end":{"line":182,"column":1}},"19":{"start":{"line":184,"column":19},"end":{"line":187,"column":1}},"20":{"start":{"line":189,"column":27},"end":{"line":192,"column":1}},"21":{"start":{"line":194,"column":25},"end":{"line":199,"column":1}},"22":{"start":{"line":201,"column":25},"end":{"line":205,"column":1}},"23":{"start":{"line":207,"column":17},"end":{"line":212,"column":1}},"24":{"start":{"line":214,"column":27},"end":{"line":217,"column":1}},"25":{"start":{"line":219,"column":22},"end":{"line":224,"column":1}},"26":{"start":{"line":226,"column":30},"end":{"line":232,"column":1}},"27":{"start":{"line":234,"column":16},"end":{"line":240,"column":1}},"28":{"start":{"line":242,"column":24},"end":{"line":252,"column":1}},"29":{"start":{"line":254,"column":21},"end":{"line":260,"column":1}},"30":{"start":{"line":262,"column":21},"end":{"line":277,"column":1}}},"fnMap":{},"branchMap":{},"s":{"0":1,"1":1,"2":1,"3":1,"4":1,"5":1,"6":1,"7":1,"8":1,"9":1,"10":1,"11":1,"12":1,"13":1,"14":1,"15":1,"16":1,"17":1,"18":1,"19":1,"20":1,"21":1,"22":1,"23":1,"24":1,"25":1,"26":1,"27":1,"28":1,"29":1,"30":1},"f":{},"b":{},"_coverageSchema":"1a1c01bbd47fc00a2c39e90264f33305004495a9","hash":"a795ec9e5153d460c7a41cdd2eae730c038ab603"}
}
