TN:
SF:client/config.js
FNF:0
FNH:0
DA:2,1
LF:1
LH:1
BRF:0
BRH:0
end_of_record
TN:
SF:client/src/components/qAndA/Answer.jsx
FN:13,Answer
FN:21,handleHelpfulAnswer
FN:30,(anonymous_2)
FN:33,(anonymous_3)
FN:42,handleAnswerReport
FN:51,(anonymous_5)
FN:54,(anonymous_6)
FN:63,(anonymous_7)
FN:67,(anonymous_8)
FN:77,(anonymous_9)
FN:101,(anonymous_10)
FN:120,(anonymous_11)
FNF:12
FNH:2
FNDA:4,Answer
FNDA:0,handleHelpfulAnswer
FNDA:0,(anonymous_2)
FNDA:0,(anonymous_3)
FNDA:0,handleAnswerReport
FNDA:0,(anonymous_5)
FNDA:0,(anonymous_6)
FNDA:0,(anonymous_7)
FNDA:0,(anonymous_8)
FNDA:12,(anonymous_9)
FNDA:0,(anonymous_10)
FNDA:0,(anonymous_11)
DA:14,4
DA:15,4
DA:16,4
DA:17,4
DA:19,4
DA:20,4
DA:22,0
DA:23,0
DA:24,0
DA:31,0
DA:34,0
DA:36,0
DA:37,0
DA:39,0
DA:43,0
DA:44,0
DA:45,0
DA:52,0
DA:55,0
DA:57,0
DA:59,0
DA:63,4
DA:64,0
DA:67,4
DA:68,0
DA:71,4
DA:78,12
DA:101,0
DA:120,0
LF:29
LH:10
BRDA:23,0,0,0
BRDA:23,0,1,0
BRDA:23,1,0,0
BRDA:23,1,1,0
BRDA:44,2,0,0
BRDA:44,2,1,0
BRDA:76,3,0,4
BRDA:76,3,1,0
BRDA:78,4,0,12
BRDA:78,4,1,0
BRDA:109,5,0,4
BRDA:109,5,1,0
BRDA:116,6,0,4
BRDA:116,6,1,0
BRF:14
BRH:4
end_of_record
TN:
SF:client/src/components/qAndA/QandA.style.js
FNF:0
FNH:0
DA:3,1
DA:15,1
DA:26,1
DA:37,1
DA:51,1
DA:59,1
DA:66,1
DA:83,1
DA:89,1
DA:97,1
DA:107,1
DA:113,1
DA:119,1
DA:131,1
DA:138,1
DA:145,1
DA:153,1
DA:163,1
DA:168,1
DA:184,1
DA:189,1
DA:194,1
DA:201,1
DA:207,1
DA:214,1
DA:219,1
DA:226,1
DA:234,1
DA:242,1
DA:254,1
DA:262,1
LF:31
LH:31
BRF:0
BRH:0
end_of_record
